2022-10-09 21:27:28,945  INFO [main] SauceDemoMven:49 - sauce demo site got opened
2022-10-09 21:27:29,076  INFO [main] SauceDemoMven:62 - entered username
2022-10-09 21:27:29,155  INFO [main] SauceDemoMven:64 - entered password
2022-10-09 21:27:29,271  INFO [main] SauceDemoMven:66 - clicked on the login button
2022-10-09 21:27:29,408  INFO [main] SauceDemoMven:77 - clicked on the menu button
2022-10-09 21:27:29,544  INFO [main] SauceDemoMven:79 - clicked on the logout button
2022-10-09 21:27:34,552  INFO [main] SauceDemoMven:92 - end of the program
2022-10-09 21:27:37,236  INFO [main] SauceDemoMven:49 - sauce demo site got opened
2022-10-09 21:27:37,331  INFO [main] SauceDemoMven:62 - entered username
2022-10-09 21:27:37,411  INFO [main] SauceDemoMven:64 - entered password
2022-10-09 21:27:37,536  INFO [main] SauceDemoMven:66 - clicked on the login button
2022-10-09 21:27:37,631  INFO [main] SauceDemoMven:77 - clicked on the menu button
2022-10-09 21:27:37,827  INFO [main] SauceDemoMven:79 - clicked on the logout button
2022-10-09 21:27:42,836  INFO [main] SauceDemoMven:92 - end of the program
2022-10-09 21:27:44,914  INFO [main] SauceDemoMven:49 - sauce demo site got opened
2022-10-09 21:27:45,005  INFO [main] SauceDemoMven:62 - entered username
2022-10-09 21:27:45,089  INFO [main] SauceDemoMven:64 - entered password
2022-10-09 21:27:45,207  INFO [main] SauceDemoMven:66 - clicked on the login button
2022-10-09 21:27:45,594  INFO [main] SauceDemoMven:77 - clicked on the menu button
2022-10-09 21:27:45,716  INFO [main] SauceDemoMven:79 - clicked on the logout button
2022-10-09 21:27:50,729  INFO [main] SauceDemoMven:92 - end of the program
2022-10-09 21:27:53,210  INFO [main] SauceDemoMven:49 - sauce demo site got opened
2022-10-09 21:27:53,309  INFO [main] SauceDemoMven:62 - entered username
2022-10-09 21:27:53,388  INFO [main] SauceDemoMven:64 - entered password
2022-10-09 21:27:53,509  INFO [main] SauceDemoMven:66 - clicked on the login button
2022-10-09 21:27:53,893  INFO [main] SauceDemoMven:77 - clicked on the menu button
2022-10-09 21:27:54,123  INFO [main] SauceDemoMven:79 - clicked on the logout button
2022-10-09 21:27:59,146  INFO [main] SauceDemoMven:92 - end of the program
2022-10-10 06:03:17,367  INFO [main] SauceDemoMven:50 - sauce demo site got opened
2022-10-10 06:03:17,510  INFO [main] SauceDemoMven:63 - entered username
2022-10-10 06:03:17,598  INFO [main] SauceDemoMven:65 - entered password
2022-10-10 06:03:17,714  INFO [main] SauceDemoMven:67 - clicked on the login button
2022-10-10 06:03:17,804  INFO [main] SauceDemoMven:78 - clicked on the menu button
2022-10-10 06:03:17,929  INFO [main] SauceDemoMven:80 - clicked on the logout button
2022-10-10 06:03:22,940  INFO [main] SauceDemoMven:93 - end of the program
2022-10-10 06:03:25,110  INFO [main] SauceDemoMven:50 - sauce demo site got opened
2022-10-10 06:03:25,198  INFO [main] SauceDemoMven:63 - entered username
2022-10-10 06:03:25,270  INFO [main] SauceDemoMven:65 - entered password
2022-10-10 06:03:25,382  INFO [main] SauceDemoMven:67 - clicked on the login button
2022-10-10 06:03:25,454  INFO [main] SauceDemoMven:78 - clicked on the menu button
2022-10-10 06:03:25,567  INFO [main] SauceDemoMven:80 - clicked on the logout button
2022-10-10 06:03:30,581  INFO [main] SauceDemoMven:93 - end of the program
2022-10-10 06:06:53,126  INFO [TestNG-test=Test-1] SauceDemoMven:50 - sauce demo site got opened
2022-10-10 06:06:53,271  INFO [TestNG-test=Test-1] SauceDemoMven:63 - entered username
2022-10-10 06:06:53,355  INFO [TestNG-test=Test-1] SauceDemoMven:65 - entered password
2022-10-10 06:06:53,362  INFO [TestNG-test=Test-2] SauceDemoMven:50 - sauce demo site got opened
2022-10-10 06:06:53,470  INFO [TestNG-test=Test-2] SauceDemoMven:63 - entered username
2022-10-10 06:06:53,487  INFO [TestNG-test=Test-1] SauceDemoMven:67 - clicked on the login button
2022-10-10 06:06:53,566  INFO [TestNG-test=Test-2] SauceDemoMven:65 - entered password
2022-10-10 06:06:53,581  INFO [TestNG-test=Test-1] SauceDemoMven:78 - clicked on the menu button
2022-10-10 06:06:53,683  INFO [TestNG-test=Test-2] SauceDemoMven:67 - clicked on the login button
2022-10-10 06:06:53,717  INFO [TestNG-test=Test-1] SauceDemoMven:80 - clicked on the logout button
2022-10-10 06:06:53,778  INFO [TestNG-test=Test-2] SauceDemoMven:78 - clicked on the menu button
2022-10-10 06:06:53,896  INFO [TestNG-test=Test-2] SauceDemoMven:80 - clicked on the logout button
2022-10-10 06:06:58,734  INFO [TestNG-test=Test-1] SauceDemoMven:93 - end of the program
2022-10-10 06:06:58,907  INFO [TestNG-test=Test-2] SauceDemoMven:93 - end of the program
2022-10-10 06:12:10,639  INFO [TestNG-test=High-2] SauceDemoMven:50 - sauce demo site got opened
2022-10-10 06:12:10,699  INFO [TestNG-test=High-1] SauceDemoMven:50 - sauce demo site got opened
2022-10-10 06:12:10,768  INFO [TestNG-test=High-2] SauceDemoMven:63 - entered username
2022-10-10 06:12:10,797  INFO [TestNG-test=High-1] SauceDemoMven:63 - entered username
2022-10-10 06:12:10,843  INFO [TestNG-test=High-2] SauceDemoMven:65 - entered password
2022-10-10 06:12:10,869  INFO [TestNG-test=High-1] SauceDemoMven:65 - entered password
2022-10-10 06:12:10,952  INFO [TestNG-test=High-2] SauceDemoMven:67 - clicked on the login button
2022-10-10 06:12:10,994  INFO [TestNG-test=High-1] SauceDemoMven:67 - clicked on the login button
2022-10-10 06:12:11,080  INFO [TestNG-test=High-2] SauceDemoMven:78 - clicked on the menu button
2022-10-10 06:12:11,088  INFO [TestNG-test=High-1] SauceDemoMven:78 - clicked on the menu button
2022-10-10 06:12:11,364  INFO [TestNG-test=High-1] SauceDemoMven:80 - clicked on the logout button
2022-10-10 06:12:11,405  INFO [TestNG-test=High-2] SauceDemoMven:80 - clicked on the logout button
2022-10-10 06:12:16,374  INFO [TestNG-test=High-1] SauceDemoMven:93 - end of the program
2022-10-10 06:12:16,406  INFO [TestNG-test=High-2] SauceDemoMven:93 - end of the program
2022-10-10 06:13:45,362  INFO [TestNG-test=High-1] SauceDemoMven:50 - sauce demo site got opened
2022-10-10 06:13:45,362  INFO [TestNG-test=High-2] SauceDemoMven:50 - sauce demo site got opened
2022-10-10 06:13:45,506  INFO [TestNG-test=High-1] SauceDemoMven:63 - entered username
2022-10-10 06:13:45,508  INFO [TestNG-test=High-2] SauceDemoMven:63 - entered username
2022-10-10 06:13:45,594  INFO [TestNG-test=High-1] SauceDemoMven:65 - entered password
2022-10-10 06:13:45,594  INFO [TestNG-test=High-2] SauceDemoMven:65 - entered password
2022-10-10 06:13:45,710  INFO [TestNG-test=High-1] SauceDemoMven:67 - clicked on the login button
2022-10-10 06:13:45,710  INFO [TestNG-test=High-2] SauceDemoMven:67 - clicked on the login button
2022-10-10 06:13:45,867  INFO [TestNG-test=High-1] SauceDemoMven:78 - clicked on the menu button
2022-10-10 06:13:45,875  INFO [TestNG-test=High-2] SauceDemoMven:78 - clicked on the menu button
2022-10-10 06:13:46,062  INFO [TestNG-test=High-2] SauceDemoMven:80 - clicked on the logout button
2022-10-10 06:13:46,066  INFO [TestNG-test=High-1] SauceDemoMven:80 - clicked on the logout button
2022-10-10 06:13:51,077  INFO [TestNG-test=High-2] SauceDemoMven:93 - end of the program
2022-10-10 06:13:51,077  INFO [TestNG-test=High-1] SauceDemoMven:93 - end of the program
2022-10-10 06:13:56,239  INFO [TestNG-test=lowpriority-2] SauceDemoMven:50 - sauce demo site got opened
2022-10-10 06:13:56,314  INFO [TestNG-test=lowpriority-2] SauceDemoMven:63 - entered username
2022-10-10 06:13:56,357  INFO [TestNG-test=lowpriority-2] SauceDemoMven:65 - entered password
2022-10-10 06:13:56,621  INFO [TestNG-test=lowpriority-2] SauceDemoMven:67 - clicked on the login button
2022-10-10 06:13:56,875  INFO [TestNG-test=lowpriority-2] SauceDemoMven:78 - clicked on the menu button
2022-10-10 06:13:57,055  INFO [TestNG-test=lowpriority-1] SauceDemoMven:50 - sauce demo site got opened
2022-10-10 06:13:57,115  INFO [TestNG-test=lowpriority-2] SauceDemoMven:80 - clicked on the logout button
2022-10-10 06:13:57,115  INFO [TestNG-test=lowpriority-1] SauceDemoMven:63 - entered username
2022-10-10 06:13:57,160  INFO [TestNG-test=lowpriority-1] SauceDemoMven:65 - entered password
2022-10-10 06:13:57,900  INFO [TestNG-test=lowpriority-1] SauceDemoMven:67 - clicked on the login button
2022-10-10 06:13:58,170  INFO [TestNG-test=lowpriority-1] SauceDemoMven:78 - clicked on the menu button
2022-10-10 06:14:02,130  INFO [TestNG-test=lowpriority-2] SauceDemoMven:93 - end of the program
2022-10-10 06:26:33,729  INFO [TestNG-test=High-2] SauceDemoMven:50 - sauce demo site got opened
2022-10-10 06:26:33,729  INFO [TestNG-test=High-1] SauceDemoMven:50 - sauce demo site got opened
2022-10-10 06:26:33,872  INFO [TestNG-test=High-2] SauceDemoMven:63 - entered username
2022-10-10 06:26:33,872  INFO [TestNG-test=High-1] SauceDemoMven:63 - entered username
2022-10-10 06:26:33,963  INFO [TestNG-test=High-1] SauceDemoMven:65 - entered password
2022-10-10 06:26:33,965  INFO [TestNG-test=High-2] SauceDemoMven:65 - entered password
2022-10-10 06:26:34,091  INFO [TestNG-test=High-1] SauceDemoMven:67 - clicked on the login button
2022-10-10 06:26:34,092  INFO [TestNG-test=High-2] SauceDemoMven:67 - clicked on the login button
2022-10-10 06:26:34,212  INFO [TestNG-test=High-1] SauceDemoMven:78 - clicked on the menu button
2022-10-10 06:26:34,225  INFO [TestNG-test=High-2] SauceDemoMven:78 - clicked on the menu button
2022-10-10 06:26:34,313  INFO [TestNG-test=High-1] SauceDemoMven:80 - clicked on the logout button
2022-10-10 06:26:34,320  INFO [TestNG-test=High-2] SauceDemoMven:80 - clicked on the logout button
2022-10-10 06:26:39,324  INFO [TestNG-test=High-2] SauceDemoMven:93 - end of the program
2022-10-10 06:26:39,324  INFO [TestNG-test=High-1] SauceDemoMven:93 - end of the program
2022-10-10 06:26:43,829  INFO [TestNG-test=lowpriority-2] SauceDemoMven:50 - sauce demo site got opened
2022-10-10 06:26:43,899  INFO [TestNG-test=lowpriority-2] SauceDemoMven:63 - entered username
2022-10-10 06:26:43,943  INFO [TestNG-test=lowpriority-2] SauceDemoMven:65 - entered password
2022-10-10 06:26:44,227  INFO [TestNG-test=lowpriority-2] SauceDemoMven:67 - clicked on the login button
2022-10-10 06:26:44,331  INFO [TestNG-test=lowpriority-1] SauceDemoMven:50 - sauce demo site got opened
2022-10-10 06:26:44,406  INFO [TestNG-test=lowpriority-1] SauceDemoMven:63 - entered username
2022-10-10 06:26:44,442  INFO [TestNG-test=lowpriority-1] SauceDemoMven:65 - entered password
2022-10-10 06:26:44,466  INFO [TestNG-test=lowpriority-2] SauceDemoMven:78 - clicked on the menu button
2022-10-10 06:26:44,707  INFO [TestNG-test=lowpriority-2] SauceDemoMven:80 - clicked on the logout button
2022-10-10 06:26:45,175  INFO [TestNG-test=lowpriority-1] SauceDemoMven:67 - clicked on the login button
2022-10-10 06:26:45,443  INFO [TestNG-test=lowpriority-1] SauceDemoMven:78 - clicked on the menu button
2022-10-10 06:26:49,727  INFO [TestNG-test=lowpriority-2] SauceDemoMven:93 - end of the program
2022-10-12 12:39:20,927  INFO [main] SauceDemoMven:50 - sauce demo site got opened
2022-10-12 12:39:21,081  INFO [main] SauceDemoMven:63 - entered username
2022-10-12 12:39:21,162  INFO [main] SauceDemoMven:65 - entered password
2022-10-12 12:39:21,289  INFO [main] SauceDemoMven:67 - clicked on the login button
2022-10-12 12:39:21,411  INFO [main] SauceDemoMven:78 - clicked on the menu button
2022-10-12 12:39:21,527  INFO [main] SauceDemoMven:80 - clicked on the logout button
2022-10-12 12:39:26,551  INFO [main] SauceDemoMven:93 - end of the program
2022-10-12 12:39:28,384  INFO [main] SauceDemoMven:50 - sauce demo site got opened
2022-10-12 12:39:28,471  INFO [main] SauceDemoMven:63 - entered username
2022-10-12 12:39:28,545  INFO [main] SauceDemoMven:65 - entered password
2022-10-12 12:39:28,648  INFO [main] SauceDemoMven:67 - clicked on the login button
2022-10-12 12:39:28,714  INFO [main] SauceDemoMven:78 - clicked on the menu button
2022-10-12 12:39:28,850  INFO [main] SauceDemoMven:80 - clicked on the logout button
2022-10-12 12:39:33,857  INFO [main] SauceDemoMven:93 - end of the program
2022-10-12 12:39:36,032  INFO [main] SauceDemoMven:50 - sauce demo site got opened
2022-10-12 12:39:36,127  INFO [main] SauceDemoMven:63 - entered username
2022-10-12 12:39:36,201  INFO [main] SauceDemoMven:65 - entered password
2022-10-12 12:39:36,308  INFO [main] SauceDemoMven:67 - clicked on the login button
2022-10-12 12:39:36,679  INFO [main] SauceDemoMven:78 - clicked on the menu button
2022-10-12 12:39:36,795  INFO [main] SauceDemoMven:80 - clicked on the logout button
2022-10-12 12:39:41,802  INFO [main] SauceDemoMven:93 - end of the program
2022-10-12 12:39:45,716  INFO [main] SauceDemoMven:50 - sauce demo site got opened
2022-10-12 12:39:45,842  INFO [main] SauceDemoMven:63 - entered username
2022-10-12 12:39:45,930  INFO [main] SauceDemoMven:65 - entered password
2022-10-12 12:39:46,045  INFO [main] SauceDemoMven:67 - clicked on the login button
2022-10-12 12:39:46,404  INFO [main] SauceDemoMven:78 - clicked on the menu button
2022-10-12 12:39:46,537  INFO [main] SauceDemoMven:80 - clicked on the logout button
2022-10-12 12:39:51,541  INFO [main] SauceDemoMven:93 - end of the program
2022-10-13 19:15:33,084  INFO [main] SauceDemoMven:50 - sauce demo site got opened
2022-10-13 19:15:33,229  INFO [main] SauceDemoMven:63 - entered username
2022-10-13 19:15:33,306  INFO [main] SauceDemoMven:65 - entered password
2022-10-13 19:15:33,424  INFO [main] SauceDemoMven:67 - clicked on the login button
2022-10-13 19:15:33,584  INFO [main] SauceDemoMven:78 - clicked on the menu button
2022-10-13 19:15:33,836  INFO [main] SauceDemoMven:80 - clicked on the logout button
2022-10-13 19:15:38,849  INFO [main] SauceDemoMven:93 - end of the program
2022-10-13 19:15:40,505  INFO [main] SauceDemoMven:50 - sauce demo site got opened
2022-10-13 19:15:40,597  INFO [main] SauceDemoMven:63 - entered username
2022-10-13 19:15:40,669  INFO [main] SauceDemoMven:65 - entered password
2022-10-13 19:15:40,781  INFO [main] SauceDemoMven:67 - clicked on the login button
2022-10-13 19:15:40,951  INFO [main] SauceDemoMven:78 - clicked on the menu button
2022-10-13 19:15:41,176  INFO [main] SauceDemoMven:80 - clicked on the logout button
2022-10-13 19:15:46,191  INFO [main] SauceDemoMven:93 - end of the program
2022-10-13 19:15:47,913  INFO [main] SauceDemoMven:50 - sauce demo site got opened
2022-10-13 19:15:48,028  INFO [main] SauceDemoMven:63 - entered username
2022-10-13 19:15:48,103  INFO [main] SauceDemoMven:65 - entered password
2022-10-13 19:15:48,223  INFO [main] SauceDemoMven:67 - clicked on the login button
2022-10-13 19:15:48,798  INFO [main] SauceDemoMven:78 - clicked on the menu button
2022-10-13 19:15:48,916  INFO [main] SauceDemoMven:80 - clicked on the logout button
2022-10-13 19:15:53,923  INFO [main] SauceDemoMven:93 - end of the program
2022-10-13 19:15:55,631  INFO [main] SauceDemoMven:50 - sauce demo site got opened
2022-10-13 19:15:55,738  INFO [main] SauceDemoMven:63 - entered username
2022-10-13 19:15:55,820  INFO [main] SauceDemoMven:65 - entered password
2022-10-13 19:15:55,927  INFO [main] SauceDemoMven:67 - clicked on the login button
2022-10-13 19:15:56,425  INFO [main] SauceDemoMven:78 - clicked on the menu button
2022-10-13 19:15:56,538  INFO [main] SauceDemoMven:80 - clicked on the logout button
2022-10-13 19:16:01,554  INFO [main] SauceDemoMven:93 - end of the program
2022-10-13 19:54:04,665  INFO [main] SauceDemoMven:50 - sauce demo site got opened
2022-10-13 19:54:04,806  INFO [main] SauceDemoMven:63 - entered username
2022-10-13 19:54:04,890  INFO [main] SauceDemoMven:65 - entered password
2022-10-13 19:54:05,009  INFO [main] SauceDemoMven:67 - clicked on the login button
2022-10-13 19:54:05,186  INFO [main] SauceDemoMven:78 - clicked on the menu button
2022-10-13 19:54:05,424  INFO [main] SauceDemoMven:80 - clicked on the logout button
2022-10-13 19:54:10,435  INFO [main] SauceDemoMven:93 - end of the program
2022-10-13 19:54:12,237  INFO [main] SauceDemoMven:50 - sauce demo site got opened
2022-10-13 19:54:12,346  INFO [main] SauceDemoMven:63 - entered username
2022-10-13 19:54:12,430  INFO [main] SauceDemoMven:65 - entered password
2022-10-13 19:54:12,580  INFO [main] SauceDemoMven:67 - clicked on the login button
2022-10-13 19:54:12,663  INFO [main] SauceDemoMven:78 - clicked on the menu button
2022-10-13 19:54:13,004  INFO [main] SauceDemoMven:80 - clicked on the logout button
2022-10-13 19:54:18,017  INFO [main] SauceDemoMven:93 - end of the program
2022-10-13 19:54:19,697  INFO [main] SauceDemoMven:50 - sauce demo site got opened
2022-10-13 19:54:19,786  INFO [main] SauceDemoMven:63 - entered username
2022-10-13 19:54:19,859  INFO [main] SauceDemoMven:65 - entered password
2022-10-13 19:54:19,967  INFO [main] SauceDemoMven:67 - clicked on the login button
2022-10-13 19:54:20,462  INFO [main] SauceDemoMven:78 - clicked on the menu button
2022-10-13 19:54:52,086  INFO [main] SauceDemoMven:50 - sauce demo site got opened
2022-10-13 19:54:52,185  INFO [main] SauceDemoMven:63 - entered username
2022-10-13 19:54:52,258  INFO [main] SauceDemoMven:65 - entered password
2022-10-13 19:54:52,374  INFO [main] SauceDemoMven:67 - clicked on the login button
2022-10-13 19:54:52,951  INFO [main] SauceDemoMven:78 - clicked on the menu button
2022-10-13 19:54:53,096  INFO [main] SauceDemoMven:80 - clicked on the logout button
2022-10-13 19:54:58,105  INFO [main] SauceDemoMven:93 - end of the program
